24
[33mWARNING: Non existent 'bind path' source: '/rc_scratch'
[0m[33mWARNING: Non existent 'bind path' source: '/rc_scratch'
[0m[33mWARNING: Non existent 'bind path' source: '/rc_scratch'
[0m[33mWARNING: Non existent 'bind path' source: '/rc_scratch'
[0m[33mWARNING: Non existent 'bind path' source: '/rc_scratch'
[0m[33mWARNING: Non existent 'bind path' source: '/rc_scratch'
[0m[33mWARNING: Non existent 'bind path' source: '/rc_scratch'
[0m[33mWARNING: Non existent 'bind path' source: '/rc_scratch'
[0m[33mWARNING: Non existent 'bind path' source: '/rc_scratch'
[0m[33mWARNING: Non existent 'bind path' source: '/rc_scratch'
[0m[33mWARNING: Non existent 'bind path' source: '/rc_scratch'
[0m[33mWARNING: Non existent 'bind path' source: '/rc_scratch'
[0m[33mWARNING: Non existent 'bind path' source: '/rc_scratch'
[0m[33mWARNING: Non existent 'bind path' source: '/rc_scratch'
[0m[33mWARNING: Non existent 'bind path' source: '/rc_scratch'
[0m[33mWARNING: Non existent 'bind path' source: '/rc_scratch'
[0m[33mWARNING: Non existent 'bind path' source: '/rc_scratch'
[0m[33mWARNING: Non existent 'bind path' source: '/rc_scratch'
[0m[33mWARNING: Non existent 'bind path' source: '/rc_scratch'
[0m[33mWARNING: Non existent 'bind path' source: '/rc_scratch'
[0m[33mWARNING: Non existent 'bind path' source: '/rc_scratch'
[0m[33mWARNING: Non existent 'bind path' source: '/rc_scratch'
[0m[33mWARNING: Non existent 'bind path' source: '/rc_scratch'
[0m[33mWARNING: Non existent 'bind path' source: '/rc_scratch'
[0m[03:38:14.333333 WARN] The requested projection factor of 0.0813974827766 seems unusually small, no overhangs will be added.

=====================================================
RESIZING INFORMATION (CSV)
Surface Name, WWR_before, WWR_after
Room_3_Mult9_Flr_6_Wall_South,0.33018967618609346,0.30466764506470373
Banquet_Flr_6_Wall_North,0.33021278344144067,0.3046889662433418
Kitchen_Flr_6_Wall_East,0.3301948444856142,0.30467241388019795
Room_2_Flr_6_Wall_North,0.3302252900802106,0.3047005061807078
Room_6_Flr_3_Wall_North,0.32995461361292994,0.3044507516674356
Corridor_Flr_3_Wall_2_North,0.33018492677866995,0.3046632627630074
Cafe_Flr_1_Wall_South,0.5077973963443286,0.4685471656812642
Room_2_Flr_6_Wall_West,0.33023764137521333,0.3047119027816149
Dining_Flr_6_Wall_North,0.33021278344144067,0.3046889662433419
Lobby_Flr_1_Wall_1_South,0.5077751397502077,0.4685266294119405
Room_5_Flr_3_Wall_East,0.32992829433227694,0.3044264667371818
Room_1_Flr_6_Wall_South,0.3302252900802106,0.3047005061807078
Room_2_Flr_3_Wall_West,0.3299669547839213,0.3044621389268646
Room_1_Flr_6_Wall_West,0.3301989492086784,0.304676201328446
Room_2_Flr_3_Wall_North,0.3299546136129308,0.3044507516674336
Room_4_Mult19_Flr_3_Wall_North,0.329962265856735,0.30445781243058745
Kitchen_Flr_6_Wall_North,0.21537660859439636,0.1987290605218552
Room_3_Mult19_Flr_3_Wall_South,0.3299431321084864,0.30444015762657434
Corridor_Flr_6_Wall_2_North,0.33012770837068833,0.30461046705535794
Room_6_Flr_3_Wall_East,0.3299669547839213,0.3044621389268646
Kitchen_Flr_6_Wall_1_South,0.3302252900802097,0.3047005061807098
Corridor_Flr_3_Wall_1_South,0.3298427902697728,0.3043475717163912
Corridor_Flr_3_Wall_2_South,0.32990615585502187,0.30440603945487116
Corridor_Flr_6_Wall_1_North,0.330176792570244,0.3046557572887261
Room_1_Flr_3_Wall_South,0.3299546136129308,0.3044507516674336
Corridor_Flr_6_Wall_2_South,0.3302182941585414,0.30469405100922864
Retail_1_Flr_1_Wall_South,0.5077795166814646,0.4685306680280305
Room_5_Flr_3_Wall_South,0.32995461361292994,0.3044507516674356
Room_1_Flr_3_Wall_West,0.32992829433227694,0.3044264667371818
Corridor_Flr_3_Wall_1_North,0.32990615585502164,0.3044060394548716

=====================================================
RESIZING INFORMATION (CSV)
Surface Name, WWR_before, WWR_after
Room_3_Mult9_Flr_6_Wall_South,0.33018967618609346,0.2950007667234884
Banquet_Flr_6_Wall_North,0.33021278344144067,0.2950214113969487
Kitchen_Flr_6_Wall_East,0.3301948444856142,0.2950053842280071
Room_2_Flr_6_Wall_North,0.3302252900802106,0.29503258518066316
Room_6_Flr_3_Wall_North,0.32995461361292994,0.294790755192815
Corridor_Flr_3_Wall_2_North,0.33018492677866995,0.29499652346897237
Cafe_Flr_1_Wall_South,0.5077973963443286,0.4536805117351473
Room_2_Flr_6_Wall_West,0.33023764137521333,0.2950436201758718
Dining_Flr_6_Wall_North,0.33021278344144067,0.29502141139694865
Lobby_Flr_1_Wall_1_South,0.5077751397502077,0.4536606270664137
Room_5_Flr_3_Wall_East,0.32992829433227694,0.2947672408053744
Room_1_Flr_6_Wall_South,0.3302252900802106,0.29503258518066316
Room_2_Flr_3_Wall_West,0.3299669547839213,0.2948017811429407
Room_1_Flr_6_Wall_West,0.3301989492086784,0.29500905150332807
Room_2_Flr_3_Wall_North,0.3299546136129308,0.29479075519280995
Room_4_Mult19_Flr_3_Wall_North,0.329962265856735,0.2947975919231867
Kitchen_Flr_6_Wall_North,0.21537660859439636,0.19242353487104344
Room_3_Mult19_Flr_3_Wall_South,0.3299431321084864,0.2947804972930077
Corridor_Flr_6_Wall_2_North,0.33012770837068833,0.2949454029299637
Room_6_Flr_3_Wall_East,0.3299669547839213,0.2948017811429407
Kitchen_Flr_6_Wall_1_South,0.3302252900802097,0.2950325851806681
Corridor_Flr_3_Wall_1_South,0.3298427902697728,0.29469084906506515
Corridor_Flr_3_Wall_2_South,0.32990615585502187,0.2947474616655795
Corridor_Flr_6_Wall_1_North,0.330176792570244,0.29498925613782445
Room_1_Flr_3_Wall_South,0.3299546136129308,0.29479075519280995
Corridor_Flr_6_Wall_2_South,0.3302182941585414,0.29502633482698765
Retail_1_Flr_1_Wall_South,0.5077795166814646,0.45366453754021197
Room_5_Flr_3_Wall_South,0.32995461361292994,0.294790755192815
Room_1_Flr_3_Wall_West,0.32992829433227694,0.2947672408053744
Corridor_Flr_3_Wall_1_North,0.32990615585502164,0.29474746166558025

=====================================================
RESIZING INFORMATION (CSV)
Surface Name, WWR_before, WWR_after
Room_3_Mult9_Flr_6_Wall_South,0.33018967618609346,0.2614104259337397
Banquet_Flr_6_Wall_North,0.33021278344144067,0.261428719895964
Kitchen_Flr_6_Wall_East,0.3301948444856142,0.2614145176648762
Room_2_Flr_6_Wall_North,0.3302252900802106,0.2614386213738217
Room_6_Flr_3_Wall_North,0.32995461361292994,0.26122432742187257
Corridor_Flr_3_Wall_2_North,0.33018492677866995,0.2614066658385476
Cafe_Flr_1_Wall_South,0.5077973963443286,0.402022059561916
Room_2_Flr_6_Wall_West,0.33023764137521333,0.2614483998663716
Dining_Flr_6_Wall_North,0.33021278344144067,0.26142871989596395
Lobby_Flr_1_Wall_1_South,0.5077751397502077,0.40200443906627786
Room_5_Flr_3_Wall_East,0.32992829433227694,0.26120349050642494
Room_1_Flr_6_Wall_South,0.3302252900802106,0.2614386213738217
Room_2_Flr_3_Wall_West,0.3299669547839213,0.2612340978992679
Room_1_Flr_6_Wall_West,0.3301989492086784,0.2614177673649209
Room_2_Flr_3_Wall_North,0.3299546136129308,0.2612243274218758
Room_4_Mult19_Flr_3_Wall_North,0.329962265856735,0.2612303856861326
Kitchen_Flr_6_Wall_North,0.21537660859439636,0.1705131778774747
Room_3_Mult19_Flr_3_Wall_South,0.3299431321084864,0.26121523754056253
Corridor_Flr_6_Wall_2_North,0.33012770837068833,0.26136136615329025
Room_6_Flr_3_Wall_East,0.3299669547839213,0.2612340978992679
Kitchen_Flr_6_Wall_1_South,0.3302252900802097,0.2614386213738184
Corridor_Flr_3_Wall_1_South,0.3298427902697728,0.2611357971319479
Corridor_Flr_3_Wall_2_South,0.32990615585502187,0.2611859635236414
Corridor_Flr_6_Wall_1_North,0.330176792570244,0.2614002260039737
Room_1_Flr_3_Wall_South,0.3299546136129308,0.2612243274218758
Corridor_Flr_6_Wall_2_South,0.3302182941585414,0.26143308271832894
Retail_1_Flr_1_Wall_South,0.5077795166814646,0.40200790427293237
Room_5_Flr_3_Wall_South,0.32995461361292994,0.26122432742187257
Room_1_Flr_3_Wall_West,0.32992829433227694,0.26120349050642494
Corridor_Flr_3_Wall_1_North,0.32990615585502164,0.26118596352364254
[03:38:18.608307 WARN] The requested projection factor of 0.0175845696109 seems unusually small, no overhangs will be added.

=====================================================
RESIZING INFORMATION (CSV)
Surface Name, WWR_before, WWR_after
Room_3_Mult9_Flr_6_Wall_South,0.33018967618609346,0.33660535202032776
Banquet_Flr_6_Wall_North,0.33021278344144067,0.3366289082559761
Kitchen_Flr_6_Wall_East,0.3301948444856142,0.3366106207413247
Room_2_Flr_6_Wall_North,0.3302252900802106,0.3366416579021631
Room_6_Flr_3_Wall_North,0.32995461361292994,0.3363657221169854
Corridor_Flr_3_Wall_2_North,0.33018492677866995,0.3366005103305916
Cafe_Flr_1_Wall_South,0.5077973963443286,0.5176640388209772
Room_2_Flr_6_Wall_West,0.33023764137521333,0.33665424918621356
Dining_Flr_6_Wall_North,0.33021278344144067,0.3366289082559761
Lobby_Flr_1_Wall_1_South,0.5077751397502077,0.517641349775137
Room_5_Flr_3_Wall_East,0.32992829433227694,0.3363388914455
Room_1_Flr_6_Wall_South,0.3302252900802106,0.3366416579021631
Room_2_Flr_3_Wall_West,0.3299669547839213,0.33637830308030925
Room_1_Flr_6_Wall_West,0.3301989492086784,0.3366148052202847
Room_2_Flr_3_Wall_North,0.3299546136129308,0.3363657221169834
Room_4_Mult19_Flr_3_Wall_North,0.329962265856735,0.33637352304598817
Kitchen_Flr_6_Wall_North,0.21537660859439636,0.21956143508255327
Room_3_Mult19_Flr_3_Wall_South,0.3299431321084864,0.3363540175237658
Corridor_Flr_6_Wall_2_North,0.33012770837068833,0.3365421801532986
Room_6_Flr_3_Wall_East,0.3299669547839213,0.33637830308030925
Kitchen_Flr_6_Wall_1_South,0.3302252900802097,0.33664165790216505
Corridor_Flr_3_Wall_1_South,0.3298427902697728,0.33625172601564196
Corridor_Flr_3_Wall_2_South,0.32990615585502187,0.3363163228115636
Corridor_Flr_6_Wall_1_North,0.330176792570244,0.3365922180722957
Room_1_Flr_3_Wall_South,0.3299546136129308,0.3363657221169834
Corridor_Flr_6_Wall_2_South,0.3302182941585414,0.33663452604781857
Retail_1_Flr_1_Wall_South,0.5077795166814646,0.5176458117513669
Room_5_Flr_3_Wall_South,0.32995461361292994,0.3363657221169854
Room_1_Flr_3_Wall_West,0.32992829433227694,0.3363388914455
Corridor_Flr_3_Wall_1_North,0.32990615585502164,0.33631632281156687

=====================================================
RESIZING INFORMATION (CSV)
Surface Name, WWR_before, WWR_after
Room_3_Mult9_Flr_6_Wall_South,0.33018967618609346,0.3485811632247707
Banquet_Flr_6_Wall_North,0.33021278344144067,0.34860555754878464
Kitchen_Flr_6_Wall_East,0.3301948444856142,0.34858661939735347
Room_2_Flr_6_Wall_North,0.3302252900802106,0.34861876080438337
Room_6_Flr_3_Wall_North,0.32995461361292994,0.34833300772174647
Corridor_Flr_3_Wall_2_North,0.33018492677866995,0.3485761492764718
Cafe_Flr_1_Wall_South,0.5077973963443286,0.5360815914803118
Room_2_Flr_6_Wall_West,0.33023764137521333,0.3486318000636051
Dining_Flr_6_Wall_North,0.33021278344144067,0.34860555754878464
Lobby_Flr_1_Wall_1_South,0.5077751397502077,0.536058095199149
Room_5_Flr_3_Wall_East,0.32992829433227694,0.3483052224633687
Room_1_Flr_6_Wall_South,0.3302252900802106,0.34861876080438337
Room_2_Flr_3_Wall_West,0.3299669547839213,0.34834603629304683
Room_1_Flr_6_Wall_West,0.3301989492086784,0.3485909527525246
Room_2_Flr_3_Wall_North,0.3299546136129308,0.34833300772174236
Room_4_Mult19_Flr_3_Wall_North,0.329962265856735,0.3483410861937198
Kitchen_Flr_6_Wall_North,0.21537660859439636,0.22737303486414534
Room_3_Mult19_Flr_3_Wall_South,0.3299431321084864,0.3483208867002059
Corridor_Flr_6_Wall_2_North,0.33012770837068833,0.3485157438166736
Room_6_Flr_3_Wall_East,0.3299669547839213,0.34834603629304683
Kitchen_Flr_6_Wall_1_South,0.3302252900802097,0.34861876080438736
Corridor_Flr_3_Wall_1_South,0.3298427902697728,0.3482149558447598
Corridor_Flr_3_Wall_2_South,0.32990615585502187,0.34828185087815444
Corridor_Flr_6_Wall_1_North,0.330176792570244,0.3485675619945568
Room_1_Flr_3_Wall_South,0.3299546136129308,0.34833300772174236
Corridor_Flr_6_Wall_2_South,0.3302182941585414,0.34861137521153057
Retail_1_Flr_1_Wall_South,0.5077795166814646,0.5360627159244463
Room_5_Flr_3_Wall_South,0.32995461361292994,0.34833300772174647
Room_1_Flr_3_Wall_West,0.32992829433227694,0.3483052224633687
Corridor_Flr_3_Wall_1_North,0.32990615585502164,0.34828185087815344

=====================================================
RESIZING INFORMATION (CSV)
Surface Name, WWR_before, WWR_after
Room_3_Mult9_Flr_6_Wall_South,0.33018967618609346,0.3405835130666981
Banquet_Flr_6_Wall_North,0.33021278344144067,0.3406073477010626
Kitchen_Flr_6_Wall_East,0.3301948444856142,0.34058884405592416
Room_2_Flr_6_Wall_North,0.3302252900802106,0.3406202480285891
Room_6_Flr_3_Wall_North,0.32995461361292994,0.34034105110399726
Corridor_Flr_3_Wall_2_North,0.33018492677866995,0.3405786141556193
Cafe_Flr_1_Wall_South,0.5077973963443286,0.5237820369514159
Room_2_Flr_6_Wall_West,0.33023764137521333,0.3406329881223813
Dining_Flr_6_Wall_North,0.33021278344144067,0.3406073477010625
Lobby_Flr_1_Wall_1_South,0.5077751397502077,0.5237590797557165
Room_5_Flr_3_Wall_East,0.32992829433227694,0.34031390333495914
Room_1_Flr_6_Wall_South,0.3302252900802106,0.3406202480285891
Room_2_Flr_3_Wall_West,0.3299669547839213,0.34035378075508427
Room_1_Flr_6_Wall_West,0.3301989492086784,0.34059307798903216
Room_2_Flr_3_Wall_North,0.3299546136129308,0.3403410511039918
Room_4_Mult19_Flr_3_Wall_North,0.329962265856735,0.340348944228046
Kitchen_Flr_6_Wall_North,0.21537660859439636,0.22215631583262963
Room_3_Mult19_Flr_3_Wall_South,0.3299431321084864,0.3403292081803606
Corridor_Flr_6_Wall_2_North,0.33012770837068833,0.34051959460469994
Room_6_Flr_3_Wall_East,0.3299669547839213,0.34035378075508427
Kitchen_Flr_6_Wall_1_South,0.3302252900802097,0.3406202480285945
Corridor_Flr_3_Wall_1_South,0.3298427902697728,0.34022570774288213
Corridor_Flr_3_Wall_2_South,0.32990615585502187,0.3402910679742531
Corridor_Flr_6_Wall_1_North,0.330176792570244,0.34057022389546054
Room_1_Flr_3_Wall_South,0.3299546136129308,0.3403410511039918
Corridor_Flr_6_Wall_2_South,0.3302182941585414,0.34061303188662484
Retail_1_Flr_1_Wall_South,0.5077795166814646,0.5237635944656893
Room_5_Flr_3_Wall_South,0.32995461361292994,0.34034105110399726
Room_1_Flr_3_Wall_West,0.32992829433227694,0.34031390333495914
Corridor_Flr_3_Wall_1_North,0.32990615585502164,0.3402910679742512

=====================================================
RESIZING INFORMATION (CSV)
Surface Name, WWR_before, WWR_after
Room_3_Mult9_Flr_6_Wall_South,0.33018967618609346,0.32985735437980357
Banquet_Flr_6_Wall_North,0.33021278344144067,0.3298804383786851
Kitchen_Flr_6_Wall_East,0.3301948444856142,0.32986251747765016
Room_2_Flr_6_Wall_North,0.3302252900802106,0.32989293243005685
Room_6_Flr_3_Wall_North,0.32995461361292994,0.3296225283870914
Corridor_Flr_3_Wall_2_North,0.33018492677866995,0.3298526097524711
Cafe_Flr_1_Wall_South,0.5077973963443286,0.5072863199535383
Room_2_Flr_6_Wall_West,0.33023764137521333,0.3299052712940052
Dining_Flr_6_Wall_North,0.33021278344144067,0.3298804383786851
Lobby_Flr_1_Wall_1_South,0.5077751397502077,0.5072640857597305
Room_5_Flr_3_Wall_East,0.32992829433227694,0.32959623559566104
Room_1_Flr_6_Wall_South,0.3302252900802106,0.32989293243005685
Room_2_Flr_3_Wall_West,0.3299669547839213,0.32963485713721014
Room_1_Flr_6_Wall_West,0.3301989492086784,0.3298666180694852
Room_2_Flr_3_Wall_North,0.3299546136129308,0.3296225283870846
Room_4_Mult19_Flr_3_Wall_North,0.329962265856735,0.3296301729292315
Kitchen_Flr_6_Wall_North,0.21537660859439636,0.21515984123684026
Room_3_Mult19_Flr_3_Wall_South,0.3299431321084864,0.3296110584382881
Corridor_Flr_6_Wall_2_North,0.33012770837068833,0.3297954489323561
Room_6_Flr_3_Wall_East,0.3299669547839213,0.32963485713721014
Kitchen_Flr_6_Wall_1_South,0.3302252900802097,0.3298929324300635
Corridor_Flr_3_Wall_1_South,0.3298427902697728,0.32951081758934536
Corridor_Flr_3_Wall_2_South,0.32990615585502187,0.32957411939984116
Corridor_Flr_6_Wall_1_North,0.330176792570244,0.32984448373076247
Room_1_Flr_3_Wall_South,0.3299546136129308,0.3296225283870846
Corridor_Flr_6_Wall_2_South,0.3302182941585414,0.32988594354948514
Retail_1_Flr_1_Wall_South,0.5077795166814646,0.5072684582857939
Room_5_Flr_3_Wall_South,0.32995461361292994,0.3296225283870914
Room_1_Flr_3_Wall_West,0.32992829433227694,0.32959623559566104
Corridor_Flr_3_Wall_1_North,0.32990615585502164,0.32957411939983894

=====================================================
RESIZING INFORMATION (CSV)
Surface Name, WWR_before, WWR_after
Room_3_Mult9_Flr_6_Wall_South,0.33018967618609346,0.2688525580521648
Banquet_Flr_6_Wall_North,0.33021278344144067,0.2688713728279059
Kitchen_Flr_6_Wall_East,0.3301948444856142,0.26885676627140015
Room_2_Flr_6_Wall_North,0.3302252900802106,0.2688815561924023
Room_6_Flr_3_Wall_North,0.32995461361292994,0.2686611614742175
Corridor_Flr_3_Wall_2_North,0.33018492677866995,0.268848690910274
Cafe_Flr_1_Wall_South,0.5077973963443286,0.4134672850960474
Room_2_Flr_6_Wall_West,0.33023764137521333,0.26889161307030446
Dining_Flr_6_Wall_North,0.33021278344144067,0.268871372827906
Lobby_Flr_1_Wall_1_South,0.5077751397502077,0.41344916295990947
Room_5_Flr_3_Wall_East,0.32992829433227694,0.2686397313495435
Room_1_Flr_6_Wall_South,0.3302252900802106,0.2688815561924023
Room_2_Flr_3_Wall_West,0.3299669547839213,0.26867121010878464
Room_1_Flr_6_Wall_West,0.3301989492086784,0.2688601084876349
Room_2_Flr_3_Wall_North,0.3299546136129308,0.268661161474225
Room_4_Mult19_Flr_3_Wall_North,0.329962265856735,0.26866739221210595
Kitchen_Flr_6_Wall_North,0.21537660859439636,0.17536754278339925
Room_3_Mult19_Flr_3_Wall_South,0.3299431321084864,0.2686518128117365
Corridor_Flr_6_Wall_2_North,0.33012770837068833,0.26880210158156087
Room_6_Flr_3_Wall_East,0.3299669547839213,0.26867121010878464
Kitchen_Flr_6_Wall_1_South,0.3302252900802097,0.2688815561923948
Corridor_Flr_3_Wall_1_South,0.3298427902697728,0.268570110802366
Corridor_Flr_3_Wall_2_South,0.32990615585502187,0.26862170538849295
Corridor_Flr_6_Wall_1_North,0.330176792570244,0.2688420677390856
Room_1_Flr_3_Wall_South,0.3299546136129308,0.268661161474225
Corridor_Flr_6_Wall_2_South,0.3302182941585414,0.26887585985610685
Retail_1_Flr_1_Wall_South,0.5077795166814646,0.41345272681804734
Room_5_Flr_3_Wall_South,0.32995461361292994,0.2686611614742175
Room_1_Flr_3_Wall_West,0.32992829433227694,0.2686397313495435
Corridor_Flr_3_Wall_1_North,0.32990615585502164,0.268621705388493

=====================================================
RESIZING INFORMATION (CSV)
Surface Name, WWR_before, WWR_after
Room_3_Mult9_Flr_6_Wall_South,0.33018967618609346,0.34897524352463605
Banquet_Flr_6_Wall_North,0.33021278344144067,0.3489996654270834
Kitchen_Flr_6_Wall_East,0.3301948444856142,0.348980705865567
Room_2_Flr_6_Wall_North,0.3302252900802106,0.34901288360931404
Room_6_Flr_3_Wall_North,0.32995461361292994,0.34872680747521534
Corridor_Flr_3_Wall_2_North,0.33018492677866995,0.34897022390793886
Cafe_Flr_1_Wall_South,0.5077973963443286,0.5366876460140154
Room_2_Flr_6_Wall_West,0.33023764137521333,0.3490259376097652
Dining_Flr_6_Wall_North,0.33021278344144067,0.3489996654270833
Lobby_Flr_1_Wall_1_South,0.5077751397502077,0.5366641231696824
Room_5_Flr_3_Wall_East,0.32992829433227694,0.34869899080487093
Room_1_Flr_6_Wall_South,0.3302252900802106,0.34901288360931404
Room_2_Flr_3_Wall_West,0.3299669547839213,0.3487398507756716
Room_1_Flr_6_Wall_West,0.3301989492086784,0.3489850441197104
Room_2_Flr_3_Wall_North,0.3299546136129308,0.3487268074752208
Room_4_Mult19_Flr_3_Wall_North,0.329962265856735,0.3487348950801345
Kitchen_Flr_6_Wall_North,0.21537660859439636,0.2276300861429042
Room_3_Mult19_Flr_3_Wall_South,0.3299431321084864,0.34871467275055423
Corridor_Flr_6_Wall_2_North,0.33012770837068833,0.34890975015814807
Room_6_Flr_3_Wall_East,0.3299669547839213,0.3487398507756716
Kitchen_Flr_6_Wall_1_South,0.3302252900802097,0.34901288360930854
Corridor_Flr_3_Wall_1_South,0.3298427902697728,0.3486086221374445
Corridor_Flr_3_Wall_2_South,0.32990615585502187,0.34867559279745947
Corridor_Flr_6_Wall_1_North,0.330176792570244,0.34896162691786764
Room_1_Flr_3_Wall_South,0.3299546136129308,0.3487268074752208
Corridor_Flr_6_Wall_2_South,0.3302182941585414,0.34900548966685035
Retail_1_Flr_1_Wall_South,0.5077795166814646,0.5366687491188327
Room_5_Flr_3_Wall_South,0.32995461361292994,0.34872680747521534
Room_1_Flr_3_Wall_West,0.32992829433227694,0.34869899080487093
Corridor_Flr_3_Wall_1_North,0.32990615585502164,0.34867559279745597

=====================================================
RESIZING INFORMATION (CSV)
Surface Name, WWR_before, WWR_after
Room_3_Mult9_Flr_6_Wall_South,0.33018967618609346,0.2730694072904745
Banquet_Flr_6_Wall_North,0.33021278344144067,0.2730885171687552
Kitchen_Flr_6_Wall_East,0.3301948444856142,0.2730736815140132
Room_2_Flr_6_Wall_North,0.3302252900802106,0.27309886025541735
Room_6_Flr_3_Wall_North,0.32995461361292994,0.27287500873060067
Corridor_Flr_3_Wall_2_North,0.33018492677866995,0.2730654794938896
Cafe_Flr_1_Wall_South,0.5077973963443286,0.4199523608522228
Room_2_Flr_6_Wall_West,0.33023764137521333,0.2731090748715857
Dining_Flr_6_Wall_North,0.33021278344144067,0.2730885171687552
Lobby_Flr_1_Wall_1_South,0.5077751397502077,0.4199339544773315
Room_5_Flr_3_Wall_East,0.32992829433227694,0.2728532424826266
Room_1_Flr_6_Wall_South,0.3302252900802106,0.27309886025541735
Room_2_Flr_3_Wall_West,0.3299669547839213,0.27288521497412793
Room_1_Flr_6_Wall_West,0.3301989492086784,0.27307707615162546
Room_2_Flr_3_Wall_North,0.3299546136129308,0.2728750087305957
Room_4_Mult19_Flr_3_Wall_North,0.329962265856735,0.2728813371952017
Kitchen_Flr_6_Wall_North,0.21537660859439636,0.17811811541908568
Room_3_Mult19_Flr_3_Wall_South,0.3299431321084864,0.2728655134379214
Corridor_Flr_6_Wall_2_North,0.33012770837068833,0.27301815942948143
Room_6_Flr_3_Wall_East,0.3299669547839213,0.27288521497412793
Kitchen_Flr_6_Wall_1_South,0.3302252900802097,0.2730988602554223
Corridor_Flr_3_Wall_1_South,0.3298427902697728,0.27278252996387425
Corridor_Flr_3_Wall_2_South,0.32990615585502187,0.2728349337912992
Corridor_Flr_6_Wall_1_North,0.330176792570244,0.27305875244085953
Room_1_Flr_3_Wall_South,0.3299546136129308,0.2728750087305957
Corridor_Flr_6_Wall_2_South,0.3302182941585414,0.27309307457427234
Retail_1_Flr_1_Wall_South,0.5077795166814646,0.41993757423322037
Room_5_Flr_3_Wall_South,0.32995461361292994,0.27287500873060067
Room_1_Flr_3_Wall_West,0.32992829433227694,0.2728532424826266
Corridor_Flr_3_Wall_1_North,0.32990615585502164,0.27283493379129586

=====================================================
RESIZING INFORMATION (CSV)
Surface Name, WWR_before, WWR_after
Room_3_Mult9_Flr_6_Wall_South,0.33018967618609346,0.3466658181374236
Banquet_Flr_6_Wall_North,0.33021278344144067,0.34669007842221294
Kitchen_Flr_6_Wall_East,0.3301948444856142,0.3466712443300346
Room_2_Flr_6_Wall_North,0.3302252900802106,0.3467032091300274
Room_6_Flr_3_Wall_North,0.32995461361292994,0.3464190261717254
Corridor_Flr_3_Wall_2_North,0.33018492677866995,0.3466608317392019
Cafe_Flr_1_Wall_South,0.5077973963443286,0.5331359898501191
Room_2_Flr_6_Wall_West,0.33023764137521333,0.3467161767425737
Dining_Flr_6_Wall_North,0.33021278344144067,0.34669007842221283
Lobby_Flr_1_Wall_1_South,0.5077751397502077,0.533112622673717
Room_5_Flr_3_Wall_East,0.32992829433227694,0.34639139358471094
Room_1_Flr_6_Wall_South,0.3302252900802106,0.3467032091300274
Room_2_Flr_3_Wall_West,0.3299669547839213,0.346431983155087
Room_1_Flr_6_Wall_West,0.3301989492086784,0.3466755538747651
Room_2_Flr_3_Wall_North,0.3299546136129308,0.3464190261717312
Room_4_Mult19_Flr_3_Wall_North,0.329962265856735,0.3464270602550236
Kitchen_Flr_6_Wall_North,0.21537660859439636,0.2261236907478542
Room_3_Mult19_Flr_3_Wall_South,0.3299431321084864,0.34640697175144775
Corridor_Flr_6_Wall_2_North,0.33012770837068833,0.34660075818862623
Room_6_Flr_3_Wall_East,0.3299669547839213,0.346431983155087
Kitchen_Flr_6_Wall_1_South,0.3302252900802097,0.34670320913002145
Corridor_Flr_3_Wall_1_South,0.3298427902697728,0.3463016229531025
Corridor_Flr_3_Wall_2_South,0.32990615585502187,0.34636815041909375
Corridor_Flr_6_Wall_1_North,0.330176792570244,0.3466522916417391
Room_1_Flr_3_Wall_South,0.3299546136129308,0.3464190261717312
Corridor_Flr_6_Wall_2_South,0.3302182941585414,0.34669586411870934
Retail_1_Flr_1_Wall_South,0.5077795166814646,0.5331172180095638
Room_5_Flr_3_Wall_South,0.32995461361292994,0.3464190261717254
Room_1_Flr_3_Wall_West,0.32992829433227694,0.34639139358471094
Corridor_Flr_3_Wall_1_North,0.32990615585502164,0.3463681504190892

=====================================================
RESIZING INFORMATION (CSV)
Surface Name, WWR_before, WWR_after
Room_3_Mult9_Flr_6_Wall_South,0.33018967618609346,0.2801947147498265
Banquet_Flr_6_Wall_North,0.33021278344144067,0.2802143232696809
Kitchen_Flr_6_Wall_East,0.3301948444856142,0.28019910050236574
Room_2_Flr_6_Wall_North,0.3302252900802106,0.28022493624257333
Room_6_Flr_3_Wall_North,0.32995461361292994,0.2799952436719124
Corridor_Flr_3_Wall_2_North,0.33018492677866995,0.2801906844637703
Cafe_Flr_1_Wall_South,0.5077973963443286,0.4309103429969984
Room_2_Flr_6_Wall_West,0.33023764137521333,0.2802354173927371
Dining_Flr_6_Wall_North,0.33021278344144067,0.2802143232696809
Lobby_Flr_1_Wall_1_South,0.5077751397502077,0.43089145633732745
Room_5_Flr_3_Wall_East,0.32992829433227694,0.27997290946866826
Room_1_Flr_6_Wall_South,0.3302252900802106,0.28022493624257333
Room_2_Flr_3_Wall_West,0.3299669547839213,0.28000571623096615
Room_1_Flr_6_Wall_West,0.3301989492086784,0.2802025837175907
Room_2_Flr_3_Wall_North,0.3299546136129308,0.2799952436719091
Room_4_Mult19_Flr_3_Wall_North,0.329962265856735,0.28000173726762745
Kitchen_Flr_6_Wall_North,0.21537660859439636,0.18276582146948078
Room_3_Mult19_Flr_3_Wall_South,0.3299431321084864,0.2799855006148273
Corridor_Flr_6_Wall_2_North,0.33012770837068833,0.2801421296582479
Room_6_Flr_3_Wall_East,0.3299669547839213,0.28000571623096615
Kitchen_Flr_6_Wall_1_South,0.3302252900802097,0.28022493624257666
Corridor_Flr_3_Wall_1_South,0.3298427902697728,0.2799003518203499
Corridor_Flr_3_Wall_2_South,0.32990615585502187,0.27995412304145306
Corridor_Flr_6_Wall_1_North,0.330176792570244,0.2801837818790322
Room_1_Flr_3_Wall_South,0.3299546136129308,0.2799952436719091
Corridor_Flr_6_Wall_2_South,0.3302182941585414,0.2802189995933744
Retail_1_Flr_1_Wall_South,0.5077795166814646,0.430895170544929
Room_5_Flr_3_Wall_South,0.32995461361292994,0.2799952436719124
Room_1_Flr_3_Wall_West,0.32992829433227694,0.27997290946866826
Corridor_Flr_3_Wall_1_North,0.32990615585502164,0.2799541230414529

=====================================================
RESIZING INFORMATION (CSV)
Surface Name, WWR_before, WWR_after
Room_3_Mult9_Flr_6_Wall_South,0.33018967618609346,0.2956531870466213
Banquet_Flr_6_Wall_North,0.33021278344144067,0.29567387737760564
Kitchen_Flr_6_Wall_East,0.3301948444856142,0.29565781476315983
Room_2_Flr_6_Wall_North,0.3302252900802106,0.29568507587313125
Room_6_Flr_3_Wall_North,0.32995461361292994,0.2954427110568353
Corridor_Flr_3_Wall_2_North,0.33018492677866995,0.2956489344077875
Cafe_Flr_1_Wall_South,0.5077973963443286,0.45468386636825703
Room_2_Flr_6_Wall_West,0.33023764137521333,0.29569613527321376
Dining_Flr_6_Wall_North,0.33021278344144067,0.2956738773776056
Lobby_Flr_1_Wall_1_South,0.5077751397502077,0.4546639377228177
Room_5_Flr_3_Wall_East,0.32992829433227694,0.2954191446652544
Room_1_Flr_6_Wall_South,0.3302252900802106,0.29568507587313125
Room_2_Flr_3_Wall_West,0.3299669547839213,0.29545376139183854
Room_1_Flr_6_Wall_West,0.3301989492086784,0.2956614901489868
Room_2_Flr_3_Wall_North,0.3299546136129308,0.29544271105683806
Room_4_Mult19_Flr_3_Wall_North,0.329962265856735,0.2954495629072445
Kitchen_Flr_6_Wall_North,0.21537660859439636,0.19284909656090488
Room_3_Mult19_Flr_3_Wall_South,0.3299431321084864,0.29543243047078105
Corridor_Flr_6_Wall_2_North,0.33012770837068833,0.2955977008111633
Room_6_Flr_3_Wall_East,0.3299669547839213,0.29545376139183854
Kitchen_Flr_6_Wall_1_South,0.3302252900802097,0.2956850758731285
Corridor_Flr_3_Wall_1_South,0.3298427902697728,0.2953425839778414
Corridor_Flr_3_Wall_2_South,0.32990615585502187,0.2953993217821439
Corridor_Flr_6_Wall_1_North,0.330176792570244,0.2956416510042772
Room_1_Flr_3_Wall_South,0.3299546136129308,0.29544271105683806
Corridor_Flr_6_Wall_2_South,0.3302182941585414,0.2956788116962451
Retail_1_Flr_1_Wall_South,0.5077795166814646,0.45466785684497396
Room_5_Flr_3_Wall_South,0.32995461361292994,0.2954427110568353
Room_1_Flr_3_Wall_West,0.32992829433227694,0.2954191446652544
Corridor_Flr_3_Wall_1_North,0.32990615585502164,0.29539932178213885

=====================================================
RESIZING INFORMATION (CSV)
Surface Name, WWR_before, WWR_after
Room_3_Mult9_Flr_6_Wall_South,0.33018967618609346,0.25181226478030405
Banquet_Flr_6_Wall_North,0.33021278344144067,0.2518298870462955
Kitchen_Flr_6_Wall_East,0.3301948444856142,0.25181620627605844
Room_2_Flr_6_Wall_North,0.3302252900802106,0.25183942497331235
Room_6_Flr_3_Wall_North,0.32995461361292994,0.25163299921512317
Corridor_Flr_3_Wall_2_North,0.33018492677866995,0.2518086427438582
Cafe_Flr_1_Wall_South,0.5077973963443286,0.38726108550690996
Room_2_Flr_6_Wall_West,0.33023764137521333,0.2518488444306514
Dining_Flr_6_Wall_North,0.33021278344144067,0.2518298870462955
Lobby_Flr_1_Wall_1_South,0.5077751397502077,0.3872441119799463
Room_5_Flr_3_Wall_East,0.32992829433227694,0.2516129273650785
Room_1_Flr_6_Wall_South,0.3302252900802106,0.2518394249733123
Room_2_Flr_3_Wall_West,0.3299669547839213,0.25164241095160056
Room_1_Flr_6_Wall_West,0.3301989492086784,0.25181933665743006
Room_2_Flr_3_Wall_North,0.3299546136129308,0.25163299921512816
Room_4_Mult19_Flr_3_Wall_North,0.329962265856735,0.25163883503914586
Kitchen_Flr_6_Wall_North,0.21537660859439636,0.16425247517517275
Room_3_Mult19_Flr_3_Wall_South,0.3299431321084864,0.25162424308540726
Corridor_Flr_6_Wall_2_North,0.33012770837068833,0.251765006319286
Room_6_Flr_3_Wall_East,0.3299669547839213,0.25164241095160056
Kitchen_Flr_6_Wall_1_South,0.3302252900802097,0.25183942497330736
Corridor_Flr_3_Wall_1_South,0.3298427902697728,0.2515477194764612
Corridor_Flr_3_Wall_2_South,0.32990615585502187,0.25159604391747725
Corridor_Flr_6_Wall_1_North,0.330176792570244,0.2518024393595825
Room_1_Flr_3_Wall_South,0.3299546136129308,0.2516329992151281
Corridor_Flr_6_Wall_2_South,0.3302182941585414,0.2518340896796702
Retail_1_Flr_1_Wall_South,0.5077795166814646,0.387247449955212
Room_5_Flr_3_Wall_South,0.32995461361292994,0.25163299921512317
Room_1_Flr_3_Wall_West,0.32992829433227694,0.2516129273650785
Corridor_Flr_3_Wall_1_North,0.32990615585502164,0.2515960439174752

=====================================================
RESIZING INFORMATION (CSV)
Surface Name, WWR_before, WWR_after
Room_3_Mult9_Flr_6_Wall_South,0.33018967618609346,0.30981094461329695
Banquet_Flr_6_Wall_North,0.33021278344144067,0.30983262572909925
Kitchen_Flr_6_Wall_East,0.3301948444856142,0.3098157939343742
Room_2_Flr_6_Wall_North,0.3302252900802106,0.30984436047991365
Room_6_Flr_3_Wall_North,0.32995461361292994,0.30959038969262
Corridor_Flr_3_Wall_2_North,0.33018492677866995,0.3098064883310206
Cafe_Flr_1_Wall_South,0.5077973963443286,0.476457025703418
Room_2_Flr_6_Wall_West,0.33023764137521333,0.3098559494745111
Dining_Flr_6_Wall_North,0.33021278344144067,0.30983262572909936
Lobby_Flr_1_Wall_1_South,0.5077751397502077,0.47643614274751206
Room_5_Flr_3_Wall_East,0.32992829433227694,0.30956569479211826
Room_1_Flr_6_Wall_South,0.3302252900802106,0.30984436047991365
Room_2_Flr_3_Wall_West,0.3299669547839213,0.30960196918804184
Room_1_Flr_6_Wall_West,0.3301989492086784,0.30981964532108475
Room_2_Flr_3_Wall_North,0.3299546136129308,0.30959038969262026
Room_4_Mult19_Flr_3_Wall_North,0.329962265856735,0.3095975696532662
Kitchen_Flr_6_Wall_North,0.21537660859439636,0.2020839395312644
Room_3_Mult19_Flr_3_Wall_South,0.3299431321084864,0.3095796168066281
Corridor_Flr_6_Wall_2_North,0.33012770837068833,0.3097528013435034
Room_6_Flr_3_Wall_East,0.3299669547839213,0.30960196918804184
Kitchen_Flr_6_Wall_1_South,0.3302252900802097,0.3098443604799133
Corridor_Flr_3_Wall_1_South,0.3298427902697728,0.30948546789138764
Corridor_Flr_3_Wall_2_South,0.32990615585502187,0.3095449226631039
Corridor_Flr_6_Wall_1_North,0.330176792570244,0.3097988561517717
Room_1_Flr_3_Wall_South,0.3299546136129308,0.30959038969262026
Corridor_Flr_6_Wall_2_South,0.3302182941585414,0.3098377963343415
Retail_1_Flr_1_Wall_South,0.5077795166814646,0.4764402495421973
Room_5_Flr_3_Wall_South,0.32995461361292994,0.30959038969262
Room_1_Flr_3_Wall_West,0.32992829433227694,0.30956569479211826
Corridor_Flr_3_Wall_1_North,0.32990615585502164,0.309544922663108
[03:38:17.418341 WARN] The requested projection factor of 0.0892757906408 seems unusually small, no overhangs will be added.

=====================================================
RESIZING INFORMATION (CSV)
Surface Name, WWR_before, WWR_after
Room_3_Mult9_Flr_6_Wall_South,0.33018967618609346,0.2674361818123425
Banquet_Flr_6_Wall_North,0.33021278344144067,0.2674548974675809
Kitchen_Flr_6_Wall_East,0.3301948444856142,0.26744036786172876
Room_2_Flr_6_Wall_North,0.3302252900802106,0.26746502718380555
Room_6_Flr_3_Wall_North,0.32995461361292994,0.26724579355496747
Corridor_Flr_3_Wall_2_North,0.33018492677866995,0.2674323350434262
Cafe_Flr_1_Wall_South,0.5077973963443286,0.41128904568184493
Room_2_Flr_6_Wall_West,0.33023764137521333,0.26747503107979337
Dining_Flr_6_Wall_North,0.33021278344144067,0.2674548974675809
Lobby_Flr_1_Wall_1_South,0.5077751397502077,0.4112710190172313
Room_5_Flr_3_Wall_East,0.32992829433227694,0.26722447632903734
Room_1_Flr_6_Wall_South,0.3302252900802106,0.26746502718380555
Room_2_Flr_3_Wall_West,0.3299669547839213,0.2672557892510364
Room_1_Flr_6_Wall_West,0.3301989492086784,0.2674436924704096
Room_2_Flr_3_Wall_North,0.3299546136129308,0.2672457935549633
Room_4_Mult19_Flr_3_Wall_North,0.329962265856735,0.2672519914679085
Kitchen_Flr_6_Wall_North,0.21537660859439636,0.17444366680233636
Room_3_Mult19_Flr_3_Wall_South,0.3299431321084864,0.26723649414334827
Corridor_Flr_6_Wall_2_North,0.33012770837068833,0.26738599115787925
Room_6_Flr_3_Wall_East,0.3299669547839213,0.2672557892510364
Kitchen_Flr_6_Wall_1_South,0.3302252900802097,0.2674650271838097
Corridor_Flr_3_Wall_1_South,0.3298427902697728,0.26715522255868857
Corridor_Flr_3_Wall_2_South,0.32990615585502187,0.26720654533283933
Corridor_Flr_6_Wall_1_North,0.330176792570244,0.26742574676461556
Room_1_Flr_3_Wall_South,0.3299546136129308,0.2672457935549633
Corridor_Flr_6_Wall_2_South,0.3302182941585414,0.26745936085710026
Retail_1_Flr_1_Wall_South,0.5077795166814646,0.4112745641001561
Room_5_Flr_3_Wall_South,0.32995461361292994,0.26724579355496747
Room_1_Flr_3_Wall_West,0.32992829433227694,0.26722447632903734
Corridor_Flr_3_Wall_1_North,0.32990615585502164,0.2672065453328382
[03:38:17.660395 WARN] The requested projection factor of 0.0280588889652 seems unusually small, no overhangs will be added.

=====================================================
RESIZING INFORMATION (CSV)
Surface Name, WWR_before, WWR_after
Room_3_Mult9_Flr_6_Wall_South,0.33018967618609346,0.264401346373434
Banquet_Flr_6_Wall_North,0.33021278344144067,0.26441984964553983
Kitchen_Flr_6_Wall_East,0.3301948444856142,0.26440548492000593
Room_2_Flr_6_Wall_North,0.3302252900802106,0.2644298644108946
Room_6_Flr_3_Wall_North,0.32995461361292994,0.264213118620408
Corridor_Flr_3_Wall_2_North,0.33018492677866995,0.26439754325721215
Cafe_Flr_1_Wall_South,0.5077973963443286,0.40662178427015744
Room_2_Flr_6_Wall_West,0.33023764137521333,0.2644397547838004
Dining_Flr_6_Wall_North,0.33021278344144067,0.26441984964553983
Lobby_Flr_1_Wall_1_South,0.5077751397502077,0.4066039621700864
Room_5_Flr_3_Wall_East,0.32992829433227694,0.26419204329994267
Room_1_Flr_6_Wall_South,0.3302252900802106,0.2644298644108946
Room_2_Flr_3_Wall_West,0.3299669547839213,0.2642230008864539
Room_1_Flr_6_Wall_West,0.3301989492086784,0.264408771801402
Room_2_Flr_3_Wall_North,0.3299546136129308,0.26421311862041114
Room_4_Mult19_Flr_3_Wall_North,0.329962265856735,0.2642192462001292
Kitchen_Flr_6_Wall_North,0.21537660859439636,0.17246409986969982
Room_3_Mult19_Flr_3_Wall_South,0.3299431321084864,0.2642039247374631
Corridor_Flr_6_Wall_2_North,0.33012770837068833,0.26435172527681444
Room_6_Flr_3_Wall_East,0.3299669547839213,0.2642230008864539
Kitchen_Flr_6_Wall_1_South,0.3302252900802097,0.26442986441089145
Corridor_Flr_3_Wall_1_South,0.3298427902697728,0.2641235754135251
Corridor_Flr_3_Wall_2_South,0.32990615585502187,0.26417431578265504
Corridor_Flr_6_Wall_1_North,0.330176792570244,0.2643910297414434
Room_1_Flr_3_Wall_South,0.3299546136129308,0.26421311862041114
Corridor_Flr_6_Wall_2_South,0.3302182941585414,0.26442426238502403
Retail_1_Flr_1_Wall_South,0.5077795166814646,0.406607467023814
Room_5_Flr_3_Wall_South,0.32995461361292994,0.264213118620408
Room_1_Flr_3_Wall_West,0.32992829433227694,0.26419204329994267
Corridor_Flr_3_Wall_1_North,0.32990615585502164,0.2641743157826562

=====================================================
RESIZING INFORMATION (CSV)
Surface Name, WWR_before, WWR_after
Room_3_Mult9_Flr_6_Wall_South,0.33018967618609346,0.2656056229140441
Banquet_Flr_6_Wall_North,0.33021278344144067,0.26562421046354434
Kitchen_Flr_6_Wall_East,0.3301948444856142,0.2656097803105732
Room_2_Flr_6_Wall_North,0.3302252900802106,0.26563427084344227
Room_6_Flr_3_Wall_North,0.32995461361292994,0.2654165378345636
Corridor_Flr_3_Wall_2_North,0.33018492677866995,0.2656018024756645
Cafe_Flr_1_Wall_South,0.5077973963443286,0.4084738363962549
Room_2_Flr_6_Wall_West,0.33023764137521333,0.26564420626431867
Dining_Flr_6_Wall_North,0.33021278344144067,0.26562421046354423
Lobby_Flr_1_Wall_1_South,0.5077751397502077,0.40845593312134504
Room_5_Flr_3_Wall_East,0.32992829433227694,0.2653953665217183
Room_1_Flr_6_Wall_South,0.3302252900802106,0.26563427084344227
Room_2_Flr_3_Wall_West,0.3299669547839213,0.26542646511165396
Room_1_Flr_6_Wall_West,0.3301989492086784,0.26561308216282437
Room_2_Flr_3_Wall_North,0.3299546136129308,0.26541653783456515
Room_4_Mult19_Flr_3_Wall_North,0.329962265856735,0.26542269332375795
Kitchen_Flr_6_Wall_North,0.21537660859439636,0.17324962714639236
Room_3_Mult19_Flr_3_Wall_South,0.3299431321084864,0.2654073020759694
Corridor_Flr_6_Wall_2_North,0.33012770837068833,0.265555775806765
Room_6_Flr_3_Wall_East,0.3299669547839213,0.26542646511165396
Kitchen_Flr_6_Wall_1_South,0.3302252900802097,0.26563427084344066
Corridor_Flr_3_Wall_1_South,0.3298427902697728,0.2653265867826168
Corridor_Flr_3_Wall_2_South,0.32990615585502187,0.26537755826039316
Corridor_Flr_6_Wall_1_North,0.330176792570244,0.26559525929258704
Room_1_Flr_3_Wall_South,0.3299546136129308,0.26541653783456515
Corridor_Flr_6_Wall_2_South,0.3302182941585414,0.2656286433018606
Retail_1_Flr_1_Wall_South,0.5077795166814646,0.4084594539387311
Room_5_Flr_3_Wall_South,0.32995461361292994,0.2654165378345636
Room_1_Flr_3_Wall_West,0.32992829433227694,0.2653953665217183
Corridor_Flr_3_Wall_1_North,0.32990615585502164,0.265377558260391

=====================================================
RESIZING INFORMATION (CSV)
Surface Name, WWR_before, WWR_after
Room_3_Mult9_Flr_6_Wall_South,0.33018967618609346,0.2995172552786949
Banquet_Flr_6_Wall_North,0.33021278344144067,0.2995382160239827
Kitchen_Flr_6_Wall_East,0.3301948444856142,0.2995219434776279
Room_2_Flr_6_Wall_North,0.3302252900802106,0.2995495608793414
Room_6_Flr_3_Wall_North,0.32995461361292994,0.2993040284523892
Corridor_Flr_3_Wall_2_North,0.33018492677866995,0.2995129470595719
Cafe_Flr_1_Wall_South,0.5077973963443286,0.46062640161105783
Room_2_Flr_6_Wall_West,0.33023764137521333,0.2995607648213306
Dining_Flr_6_Wall_North,0.33021278344144067,0.2995382160239828
Lobby_Flr_1_Wall_1_South,0.5077751397502077,0.46060621250623845
Room_5_Flr_3_Wall_East,0.32992829433227694,0.29928015405754504
Room_1_Flr_6_Wall_South,0.3302252900802106,0.2995495608793414
Room_2_Flr_3_Wall_West,0.3299669547839213,0.2993152232108198
Room_1_Flr_6_Wall_West,0.3301989492086784,0.29952566689926724
Room_2_Flr_3_Wall_North,0.3299546136129308,0.2993040284523896
Room_4_Mult19_Flr_3_Wall_North,0.329962265856735,0.2993109698537332
Kitchen_Flr_6_Wall_North,0.21537660859439636,0.19536955668193245
Room_3_Mult19_Flr_3_Wall_South,0.3299431321084864,0.2992936135032089
Corridor_Flr_6_Wall_2_North,0.33012770837068833,0.29946104386046024
Room_6_Flr_3_Wall_East,0.3299669547839213,0.2993152232108198
Kitchen_Flr_6_Wall_1_South,0.3302252900802097,0.29954956087934087
Corridor_Flr_3_Wall_1_South,0.3298427902697728,0.29920259275274635
Corridor_Flr_3_Wall_2_South,0.32990615585502187,0.2992600720973218
Corridor_Flr_6_Wall_1_North,0.330176792570244,0.29950556846491827
Room_1_Flr_3_Wall_South,0.3299546136129308,0.2993040284523896
Corridor_Flr_6_Wall_2_South,0.3302182941585414,0.299543214832184
Retail_1_Flr_1_Wall_South,0.5077795166814646,0.46061018284974375
Room_5_Flr_3_Wall_South,0.32995461361292994,0.2993040284523892
Room_1_Flr_3_Wall_West,0.32992829433227694,0.29928015405754504
Corridor_Flr_3_Wall_1_North,0.32990615585502164,0.29926007209732264

=====================================================
RESIZING INFORMATION (CSV)
Surface Name, WWR_before, WWR_after
Room_3_Mult9_Flr_6_Wall_South,0.33018967618609346,0.24500470563730437
Banquet_Flr_6_Wall_North,0.33021278344144067,0.24502185149831485
Kitchen_Flr_6_Wall_East,0.3301948444856142,0.2450085405776262
Room_2_Flr_6_Wall_North,0.3302252900802106,0.2450311315744996
Room_6_Flr_3_Wall_North,0.32995461361292994,0.24483028638467402
Corridor_Flr_3_Wall_2_North,0.33018492677866995,0.245001181519952
Cafe_Flr_1_Wall_South,0.5077973963443286,0.3767917672405032
Room_2_Flr_6_Wall_West,0.33023764137521333,0.24504029638373923
Dining_Flr_6_Wall_North,0.33021278344144067,0.2450218514983149
Lobby_Flr_1_Wall_1_South,0.5077751397502077,0.37677525258034256
Room_5_Flr_3_Wall_East,0.32992829433227694,0.2448107571623078
Room_1_Flr_6_Wall_South,0.3302252900802106,0.2450311315744996
Room_2_Flr_3_Wall_West,0.3299669547839213,0.24483944368177646
Room_1_Flr_6_Wall_West,0.3301989492086784,0.2450115863314408
Room_2_Flr_3_Wall_North,0.3299546136129308,0.24483028638467555
Room_4_Mult19_Flr_3_Wall_North,0.329962265856735,0.24483596444148406
Kitchen_Flr_6_Wall_North,0.21537660859439636,0.1598120304648509
Room_3_Mult19_Flr_3_Wall_South,0.3299431321084864,0.24482176697047325
Corridor_Flr_6_Wall_2_North,0.33012770837068833,0.24495872477397654
Room_6_Flr_3_Wall_East,0.3299669547839213,0.24483944368177646
Kitchen_Flr_6_Wall_1_South,0.3302252900802097,0.24503113157449805
Corridor_Flr_3_Wall_1_South,0.3298427902697728,0.24474731212094122
Corridor_Flr_3_Wall_2_South,0.32990615585502187,0.24479433014628146
Corridor_Flr_6_Wall_1_North,0.330176792570244,0.2449951458396008
Room_1_Flr_3_Wall_South,0.3299546136129308,0.24483028638467555
Corridor_Flr_6_Wall_2_South,0.3302182941585414,0.24502594051659338
Retail_1_Flr_1_Wall_South,0.5077795166814646,0.37677850031590754
Room_5_Flr_3_Wall_South,0.32995461361292994,0.24483028638467402
Room_1_Flr_3_Wall_West,0.32992829433227694,0.2448107571623078
Corridor_Flr_3_Wall_1_North,0.32990615585502164,0.24479433014628083

=====================================================
RESIZING INFORMATION (CSV)
Surface Name, WWR_before, WWR_after
Room_3_Mult9_Flr_6_Wall_South,0.33018967618609346,0.33047530261312186
Banquet_Flr_6_Wall_North,0.33021278344144067,0.33049842985710703
Kitchen_Flr_6_Wall_East,0.3301948444856142,0.3304804753834128
Room_2_Flr_6_Wall_North,0.3302252900802106,0.330510947314588
Room_6_Flr_3_Wall_North,0.32995461361292994,0.3302400367020296
Corridor_Flr_3_Wall_2_North,0.33018492677866995,0.3304705490972653
Cafe_Flr_1_Wall_South,0.5077973963443286,0.5082366600961263
Room_2_Flr_6_Wall_West,0.33023764137521333,0.33052330929392243
Dining_Flr_6_Wall_North,0.33021278344144067,0.33049842985710703
Lobby_Flr_1_Wall_1_South,0.5077751397502077,0.5082143842492176
Room_5_Flr_3_Wall_East,0.32992829433227694,0.3302136946542059
Room_1_Flr_6_Wall_South,0.3302252900802106,0.330510947314588
Room_2_Flr_3_Wall_West,0.3299669547839213,0.33025238854858724
Room_1_Flr_6_Wall_West,0.3301989492086784,0.330484583657216
Room_2_Flr_3_Wall_North,0.3299546136129308,0.3302400367020228
Room_4_Mult19_Flr_3_Wall_North,0.329962265856735,0.330247695565306
Kitchen_Flr_6_Wall_North,0.21537660859439636,0.21556291742115938
Room_3_Mult19_Flr_3_Wall_South,0.3299431321084864,0.33022854526564976
Corridor_Flr_6_Wall_2_North,0.33012770837068833,0.33041328119323976
Room_6_Flr_3_Wall_East,0.3299669547839213,0.33025238854858724
Kitchen_Flr_6_Wall_1_South,0.3302252900802097,0.3305109473145948
Corridor_Flr_3_Wall_1_South,0.3298427902697728,0.33012811662748826
Corridor_Flr_3_Wall_2_South,0.32990615585502187,0.3301915370263416
Corridor_Flr_6_Wall_1_North,0.330176792570244,0.33046240785246056
Room_1_Flr_3_Wall_South,0.3299546136129308,0.3302400367020228
Corridor_Flr_6_Wall_2_South,0.3302182941585414,0.33050394534118394
Retail_1_Flr_1_Wall_South,0.5077795166814646,0.5082187649666825
Room_5_Flr_3_Wall_South,0.32995461361292994,0.3302400367020296
Room_1_Flr_3_Wall_West,0.32992829433227694,0.3302136946542059
Corridor_Flr_3_Wall_1_North,0.32990615585502164,0.3301915370263398

=====================================================
RESIZING INFORMATION (CSV)
Surface Name, WWR_before, WWR_after
Room_3_Mult9_Flr_6_Wall_South,0.33018967618609346,0.3259362816864299
Banquet_Flr_6_Wall_North,0.33021278344144067,0.325959091281737
Kitchen_Flr_6_Wall_East,0.3301948444856142,0.3259413834096223
Room_2_Flr_6_Wall_North,0.3302252900802106,0.32597143681411095
Room_6_Flr_3_Wall_North,0.32995461361292994,0.325704247111795
Corridor_Flr_3_Wall_2_North,0.33018492677866995,0.3259315934592931
Cafe_Flr_1_Wall_South,0.5077973963443286,0.5012561177752846
Room_2_Flr_6_Wall_West,0.33023764137521333,0.325983629003804
Dining_Flr_6_Wall_North,0.33021278344144067,0.325959091281737
Lobby_Flr_1_Wall_1_South,0.5077751397502077,0.5012341478832678
Room_5_Flr_3_Wall_East,0.32992829433227694,0.3256782668674372
Room_1_Flr_6_Wall_South,0.3302252900802106,0.32597143681411095
Room_2_Flr_3_Wall_West,0.3299669547839213,0.32571642930789424
Room_1_Flr_6_Wall_West,0.3301989492086784,0.3259454352569972
Room_2_Flr_3_Wall_North,0.3299546136129308,0.32570424711179924
Room_4_Mult19_Flr_3_Wall_North,0.329962265856735,0.3257118007819248
Kitchen_Flr_6_Wall_North,0.21537660859439636,0.21260219816178258
Room_3_Mult19_Flr_3_Wall_South,0.3299431321084864,0.3256929135083122
Corridor_Flr_6_Wall_2_North,0.33012770837068833,0.3258751121199807
Room_6_Flr_3_Wall_East,0.3299669547839213,0.32571642930789424
Kitchen_Flr_6_Wall_1_South,0.3302252900802097,0.32597143681410673
Corridor_Flr_3_Wall_1_South,0.3298427902697728,0.3255938642400657
Corridor_Flr_3_Wall_2_South,0.32990615585502187,0.3256564135707504
Corridor_Flr_6_Wall_1_North,0.330176792570244,0.3259235640330719
Room_1_Flr_3_Wall_South,0.3299546136129308,0.32570424711179924
Corridor_Flr_6_Wall_2_South,0.3302182941585414,0.32596453101159584
Retail_1_Flr_1_Wall_South,0.5077795166814646,0.5012384684323421
Room_5_Flr_3_Wall_South,0.32995461361292994,0.325704247111795
Room_1_Flr_3_Wall_West,0.32992829433227694,0.3256782668674372
Corridor_Flr_3_Wall_1_North,0.32990615585502164,0.32565641357074465

=====================================================
RESIZING INFORMATION (CSV)
Surface Name, WWR_before, WWR_after
Room_3_Mult9_Flr_6_Wall_South,0.33018967618609346,0.2484904489707359
Banquet_Flr_6_Wall_North,0.33021278344144067,0.24850783877020266
Kitchen_Flr_6_Wall_East,0.3301948444856142,0.24849433847171093
Room_2_Flr_6_Wall_North,0.3302252900802106,0.24851725087635632
Room_6_Flr_3_Wall_North,0.32995461361292994,0.2483135482117015
Corridor_Flr_3_Wall_2_North,0.33018492677866995,0.24848687471486947
Cafe_Flr_1_Wall_South,0.5077973963443286,0.38215247811883957
Room_2_Flr_6_Wall_West,0.33023764137521333,0.24852654607563604
Dining_Flr_6_Wall_North,0.33021278344144067,0.2485078387702026
Lobby_Flr_1_Wall_1_South,0.5077751397502077,0.3821357285004696
Room_5_Flr_3_Wall_East,0.32992829433227694,0.2482937411421999
Room_1_Flr_6_Wall_South,0.3302252900802106,0.24851725087635632
Room_2_Flr_3_Wall_West,0.3299669547839213,0.24832283579197015
Room_1_Flr_6_Wall_West,0.3301989492086784,0.24849742755822865
Room_2_Flr_3_Wall_North,0.3299546136129308,0.24831354821170615
Room_4_Mult19_Flr_3_Wall_North,0.329962265856735,0.2483193070516545
Kitchen_Flr_6_Wall_North,0.21537660859439636,0.16208571626343501
Room_3_Mult19_Flr_3_Wall_South,0.3299431321084864,0.24830490758966436
Corridor_Flr_6_Wall_2_North,0.33012770837068833,0.24844381392614848
Room_6_Flr_3_Wall_East,0.3299669547839213,0.24832283579197015
Kitchen_Flr_6_Wall_1_South,0.3302252900802097,0.2485172508763516
Corridor_Flr_3_Wall_1_South,0.3298427902697728,0.2482293934523339
Corridor_Flr_3_Wall_2_South,0.32990615585502187,0.24827708041489635
Corridor_Flr_6_Wall_1_North,0.330176792570244,0.2484807531633909
Room_1_Flr_3_Wall_South,0.3299546136129308,0.24831354821170615
Corridor_Flr_6_Wall_2_South,0.3302182941585414,0.24851198596396726
Retail_1_Flr_1_Wall_South,0.5077795166814646,0.38213902244238235
Room_5_Flr_3_Wall_South,0.32995461361292994,0.2483135482117015
Room_1_Flr_3_Wall_West,0.32992829433227694,0.2482937411421999
Corridor_Flr_3_Wall_1_North,0.32990615585502164,0.24827708041489896

=====================================================
RESIZING INFORMATION (CSV)
Surface Name, WWR_before, WWR_after
Room_3_Mult9_Flr_6_Wall_South,0.33018967618609346,0.28131722469939396
Banquet_Flr_6_Wall_North,0.33021278344144067,0.28133691177447423
Kitchen_Flr_6_Wall_East,0.3301948444856142,0.2813216280220397
Room_2_Flr_6_Wall_North,0.3302252900802106,0.2813475672648258
Room_6_Flr_3_Wall_North,0.32995461361292994,0.28111695450476204
Corridor_Flr_3_Wall_2_North,0.33018492677866995,0.28131317826724944
Cafe_Flr_1_Wall_South,0.5077973963443286,0.4326366466062652
Room_2_Flr_6_Wall_West,0.33023764137521333,0.2813580904043517
Dining_Flr_6_Wall_North,0.33021278344144067,0.28133691177447306
Lobby_Flr_1_Wall_1_South,0.5077751397502077,0.4326176842832707
Room_5_Flr_3_Wall_East,0.32992829433227694,0.2810945308267257
Room_1_Flr_6_Wall_South,0.3302252900802106,0.2813475672648258
Room_2_Flr_3_Wall_West,0.3299669547839213,0.2811274690187621
Room_1_Flr_6_Wall_West,0.3301989492086784,0.2813251251916492
Room_2_Flr_3_Wall_North,0.3299546136129308,0.2811169545047604
Room_4_Mult19_Flr_3_Wall_North,0.329962265856735,0.2811234741149968
Kitchen_Flr_6_Wall_North,0.21537660859439636,0.18349801391366488
Room_3_Mult19_Flr_3_Wall_South,0.3299431321084864,0.2811071724152571
Corridor_Flr_6_Wall_2_North,0.33012770837068833,0.2812644289425644
Room_6_Flr_3_Wall_East,0.3299669547839213,0.2811274690187621
Kitchen_Flr_6_Wall_1_South,0.3302252900802097,0.2813475672648274
Corridor_Flr_3_Wall_1_South,0.3298427902697728,0.2810216824995373
Corridor_Flr_3_Wall_2_South,0.32990615585502187,0.2810756691377322
Corridor_Flr_6_Wall_1_North,0.330176792570244,0.28130624802957216
Room_1_Flr_3_Wall_South,0.3299546136129308,0.2811169545047604
Corridor_Flr_6_Wall_2_South,0.3302182941585414,0.281341606832351
Retail_1_Flr_1_Wall_South,0.5077795166814646,0.43262141337064686
Room_5_Flr_3_Wall_South,0.32995461361292994,0.28111695450476204
Room_1_Flr_3_Wall_West,0.32992829433227694,0.2810945308267257
Corridor_Flr_3_Wall_1_North,0.32990615585502164,0.2810756691377324
slurmstepd: error: Job 2677397 exceeded memory limit (6169628 > 4964352), being killed
slurmstepd: error: Exceeded job memory limit
slurmstepd: error: *** JOB 2677397 ON shas0341 CANCELLED AT 2019-07-19T03:39:39 ***
